<?xml version="1.0" encoding="UTF-8"?>
<!-- Generated by org.testng.reporters.JUnitXMLReporter -->
<testsuite hostname="ajay-PC" name="Default test" tests="4" failures="0" timestamp="11 Jul 2017 17:44:29 GMT" time="57.062" errors="0">
  <testcase name="testInvalidlogin" time="4.508" classname="Scenario_Component.Scenario_Login"/>
  <testcase name="testInvalidlogin" time="4.04" classname="Scenario_Component.Scenario_Login"/>
  <testcase name="testInvalidlogin" time="4.479" classname="Scenario_Component.Scenario_Login"/>
  <testcase name="testValidlogin" time="5.736" classname="Scenario_Component.Scenario_Login"/>
</testsuite> <!-- Default test -->
