<?xml version="1.0" encoding="UTF-8"?>
<testng-results skipped="0" failed="0" total="4" passed="4">
  <reporter-output>
  </reporter-output>
  <suite name="Default suite" duration-ms="57062" started-at="2017-07-11T17:43:32Z" finished-at="2017-07-11T17:44:29Z">
    <groups>
      <group name="regression">
        <method signature="Scenario_Login.testValidlogin(java.util.Map)[pri:0, instance:Scenario_Component.Scenario_Login@3b0143d3]" name="testValidlogin" class="Scenario_Component.Scenario_Login"/>
      </group> <!-- regression -->
      <group name="smoke">
        <method signature="Scenario_Login.testInvalidlogin(java.util.Map)[pri:0, instance:Scenario_Component.Scenario_Login@3b0143d3]" name="testInvalidlogin" class="Scenario_Component.Scenario_Login"/>
      </group> <!-- smoke -->
    </groups>
    <test name="Default test" duration-ms="57062" started-at="2017-07-11T17:43:32Z" finished-at="2017-07-11T17:44:29Z">
      <class name="Scenario_Component.Scenario_Login">
        <test-method status="PASS" signature="Report_extent()[pri:0, instance:Scenario_Component.Scenario_Login@3b0143d3]" name="Report_extent" is-config="true" duration-ms="421" started-at="2017-07-11T23:13:32Z" finished-at="2017-07-11T23:13:32Z">
          <reporter-output>
          </reporter-output>
        </test-method> <!-- Report_extent -->
        <test-method status="PASS" signature="Launchapp()[pri:0, instance:Scenario_Component.Scenario_Login@3b0143d3]" name="Launchapp" is-config="true" duration-ms="8799" started-at="2017-07-11T23:13:33Z" finished-at="2017-07-11T23:13:42Z">
          <reporter-output>
          </reporter-output>
        </test-method> <!-- Launchapp -->
        <test-method status="PASS" signature="testInvalidlogin(java.util.Map)[pri:0, instance:Scenario_Component.Scenario_Login@3b0143d3]" name="testInvalidlogin" duration-ms="4508" started-at="2017-07-11T23:13:42Z" data-provider="dp_Invalidlogin" finished-at="2017-07-11T23:13:47Z">
          <params>
            <param index="0">
              <value>
                <![CDATA[{Execute_Flag=Y, Uname=honeydewz, TC_ID=GB_01, Script_name=InvalidLogin, Exp_Result=Sorry we were unable to complete this step because :, Pwd=honeydewz, Order_Set=1.0}]]>
              </value>
            </param>
          </params>
          <reporter-output>
          </reporter-output>
        </test-method> <!-- testInvalidlogin -->
        <test-method status="PASS" signature="tearDown()[pri:0, instance:Scenario_Component.Scenario_Login@3b0143d3]" name="tearDown" is-config="true" duration-ms="1522" started-at="2017-07-11T23:13:47Z" finished-at="2017-07-11T23:13:48Z">
          <reporter-output>
          </reporter-output>
        </test-method> <!-- tearDown -->
        <test-method status="PASS" signature="Launchapp()[pri:0, instance:Scenario_Component.Scenario_Login@3b0143d3]" name="Launchapp" is-config="true" duration-ms="7941" started-at="2017-07-11T23:13:48Z" finished-at="2017-07-11T23:13:56Z">
          <reporter-output>
          </reporter-output>
        </test-method> <!-- Launchapp -->
        <test-method status="PASS" signature="testInvalidlogin(java.util.Map)[pri:0, instance:Scenario_Component.Scenario_Login@3b0143d3]" name="testInvalidlogin" duration-ms="4040" started-at="2017-07-11T23:13:56Z" data-provider="dp_Invalidlogin" finished-at="2017-07-11T23:14:00Z">
          <params>
            <param index="0">
              <value>
                <![CDATA[{Execute_Flag=Y, Uname=xyz, TC_ID=GB_02, Script_name=InvalidLogin, Exp_Result=Sorry we were unable to complete this step because :, Pwd=honeydewz123, Order_Set=1.0}]]>
              </value>
            </param>
          </params>
          <reporter-output>
          </reporter-output>
        </test-method> <!-- testInvalidlogin -->
        <test-method status="PASS" signature="tearDown()[pri:0, instance:Scenario_Component.Scenario_Login@3b0143d3]" name="tearDown" is-config="true" duration-ms="763" started-at="2017-07-11T23:14:00Z" finished-at="2017-07-11T23:14:01Z">
          <reporter-output>
          </reporter-output>
        </test-method> <!-- tearDown -->
        <test-method status="PASS" signature="Launchapp()[pri:0, instance:Scenario_Component.Scenario_Login@3b0143d3]" name="Launchapp" is-config="true" duration-ms="7970" started-at="2017-07-11T23:14:01Z" finished-at="2017-07-11T23:14:09Z">
          <reporter-output>
          </reporter-output>
        </test-method> <!-- Launchapp -->
        <test-method status="PASS" signature="testInvalidlogin(java.util.Map)[pri:0, instance:Scenario_Component.Scenario_Login@3b0143d3]" name="testInvalidlogin" duration-ms="4479" started-at="2017-07-11T23:14:09Z" data-provider="dp_Invalidlogin" finished-at="2017-07-11T23:14:13Z">
          <params>
            <param index="0">
              <value>
                <![CDATA[{Execute_Flag=Y, Uname=honeydewz24@rediffmail.com, TC_ID=GB_03, Script_name=InvalidLogin, Exp_Result=Sorry we were unable to complete this step because :, Pwd=dfdd, Order_Set=1.0}]]>
              </value>
            </param>
          </params>
          <reporter-output>
          </reporter-output>
        </test-method> <!-- testInvalidlogin -->
        <test-method status="PASS" signature="tearDown()[pri:0, instance:Scenario_Component.Scenario_Login@3b0143d3]" name="tearDown" is-config="true" duration-ms="583" started-at="2017-07-11T23:14:13Z" finished-at="2017-07-11T23:14:14Z">
          <reporter-output>
          </reporter-output>
        </test-method> <!-- tearDown -->
        <test-method status="PASS" signature="Launchapp()[pri:0, instance:Scenario_Component.Scenario_Login@3b0143d3]" name="Launchapp" is-config="true" duration-ms="8836" started-at="2017-07-11T23:14:14Z" finished-at="2017-07-11T23:14:23Z">
          <reporter-output>
          </reporter-output>
        </test-method> <!-- Launchapp -->
        <test-method status="PASS" signature="testValidlogin(java.util.Map)[pri:0, instance:Scenario_Component.Scenario_Login@3b0143d3]" name="testValidlogin" duration-ms="5736" started-at="2017-07-11T23:14:23Z" data-provider="dp_Validlogin" finished-at="2017-07-11T23:14:29Z">
          <params>
            <param index="0">
              <value>
                <![CDATA[{Execute_Flag=Y, Uname=honeydewz24@rediffmail.com, TC_ID=GB_07, Script_name=ValidLogin, Exp_Result=honeydewz, Pwd=honeydewz123, Order_Set=1.0}]]>
              </value>
            </param>
          </params>
          <reporter-output>
          </reporter-output>
        </test-method> <!-- testValidlogin -->
        <test-method status="PASS" signature="tearDown()[pri:0, instance:Scenario_Component.Scenario_Login@3b0143d3]" name="tearDown" is-config="true" duration-ms="639" started-at="2017-07-11T23:14:29Z" finished-at="2017-07-11T23:14:29Z">
          <reporter-output>
          </reporter-output>
        </test-method> <!-- tearDown -->
      </class> <!-- Scenario_Component.Scenario_Login -->
    </test> <!-- Default test -->
  </suite> <!-- Default suite -->
</testng-results>
